Build started 5/12/2015 12:14:20 AM.
     1>Project "C:\Users\Scott\Desktop\hw07\NYUCodebase\NYUCodebase.vcxproj" on node 2 (Build target(s)).
     1>ClCompile:
         C:\Program Files (x86)\Microsoft Visual Studio 12.0\VC\bin\CL.exe /c /IC:\SDL2_mixer\include /IC:\SDL2\include /IC:\SDL2_image\include /IC:\SDL2\lib\x64 /IC:\SDL2_image\lib\x64 /IC:\SDL_mixer\include /IC:\SDL_mixer\include /ZI /nologo /W3 /WX- /sdl /Od /Oy- /D _MBCS /Gm /EHsc /RTC1 /MDd /GS /fp:precise /Zc:wchar_t /Zc:forScope /Fo"Debug\\" /Fd"Debug\vc120.pdb" /Gd /TP /analyze- /errorReport:prompt Game.cpp
         Game.cpp
     1>c:\users\scott\desktop\hw07\nyucodebase\game.cpp(65): warning C4244: 'argument' : conversion from 'time_t' to 'unsigned int', possible loss of data
     1>c:\users\scott\desktop\hw07\nyucodebase\game.cpp(127): warning C4305: 'argument' : truncation from 'double' to 'float'
     1>c:\users\scott\desktop\hw07\nyucodebase\game.cpp(128): warning C4305: 'argument' : truncation from 'double' to 'float'
     1>c:\users\scott\desktop\hw07\nyucodebase\game.cpp(129): warning C4305: 'argument' : truncation from 'double' to 'float'
     1>c:\users\scott\desktop\hw07\nyucodebase\game.cpp(138): warning C4305: 'argument' : truncation from 'double' to 'float'
     1>c:\users\scott\desktop\hw07\nyucodebase\game.cpp(140): warning C4305: 'argument' : truncation from 'double' to 'float'
     1>c:\users\scott\desktop\hw07\nyucodebase\game.cpp(142): warning C4305: 'argument' : truncation from 'double' to 'float'
     1>c:\users\scott\desktop\hw07\nyucodebase\game.cpp(154): warning C4305: 'argument' : truncation from 'double' to 'float'
     1>c:\users\scott\desktop\hw07\nyucodebase\game.cpp(155): warning C4305: 'argument' : truncation from 'double' to 'float'
     1>c:\users\scott\desktop\hw07\nyucodebase\game.cpp(156): warning C4305: 'argument' : truncation from 'double' to 'float'
     1>c:\users\scott\desktop\hw07\nyucodebase\game.cpp(158): warning C4305: 'argument' : truncation from 'double' to 'float'
     1>c:\users\scott\desktop\hw07\nyucodebase\game.cpp(57): warning C4101: 'VertexArrayID' : unreferenced local variable
     1>c:\users\scott\desktop\hw07\nyucodebase\game.cpp(184): warning C4018: '<' : signed/unsigned mismatch
     1>c:\users\scott\desktop\hw07\nyucodebase\game.cpp(206): warning C4244: 'argument' : conversion from 'double' to 'float', possible loss of data
     1>c:\users\scott\desktop\hw07\nyucodebase\game.cpp(207): warning C4244: 'argument' : conversion from 'double' to 'float', possible loss of data
     1>c:\users\scott\desktop\hw07\nyucodebase\game.cpp(212): warning C4244: 'argument' : conversion from 'double' to 'float', possible loss of data
     1>c:\users\scott\desktop\hw07\nyucodebase\game.cpp(222): warning C4018: '<' : signed/unsigned mismatch
     1>c:\users\scott\desktop\hw07\nyucodebase\game.cpp(228): warning C4018: '<' : signed/unsigned mismatch
     1>c:\users\scott\desktop\hw07\nyucodebase\game.cpp(234): warning C4018: '<' : signed/unsigned mismatch
     1>c:\users\scott\desktop\hw07\nyucodebase\game.cpp(239): warning C4018: '<' : signed/unsigned mismatch
     1>c:\users\scott\desktop\hw07\nyucodebase\game.cpp(279): warning C4800: 'const Uint8' : forcing value to bool 'true' or 'false' (performance warning)
     1>c:\users\scott\desktop\hw07\nyucodebase\game.cpp(280): warning C4800: 'Uint8' : forcing value to bool 'true' or 'false' (performance warning)
     1>c:\users\scott\desktop\hw07\nyucodebase\game.cpp(286): warning C4305: 'argument' : truncation from 'double' to 'float'
     1>c:\users\scott\desktop\hw07\nyucodebase\game.cpp(286): warning C4244: 'argument' : conversion from 'int' to 'float', possible loss of data
     1>c:\users\scott\desktop\hw07\nyucodebase\game.cpp(287): warning C4305: 'argument' : truncation from 'double' to 'float'
     1>c:\users\scott\desktop\hw07\nyucodebase\game.cpp(287): warning C4244: 'argument' : conversion from 'int' to 'float', possible loss of data
     1>c:\users\scott\desktop\hw07\nyucodebase\game.cpp(293): warning C4305: 'argument' : truncation from 'double' to 'float'
     1>c:\users\scott\desktop\hw07\nyucodebase\game.cpp(293): warning C4244: 'argument' : conversion from 'int' to 'float', possible loss of data
     1>c:\users\scott\desktop\hw07\nyucodebase\game.cpp(294): warning C4305: 'argument' : truncation from 'double' to 'float'
     1>c:\users\scott\desktop\hw07\nyucodebase\game.cpp(294): warning C4244: 'argument' : conversion from 'int' to 'float', possible loss of data
     1>c:\users\scott\desktop\hw07\nyucodebase\game.cpp(303): warning C4305: 'argument' : truncation from 'double' to 'float'
     1>c:\users\scott\desktop\hw07\nyucodebase\game.cpp(303): warning C4244: 'argument' : conversion from 'int' to 'float', possible loss of data
     1>c:\users\scott\desktop\hw07\nyucodebase\game.cpp(304): warning C4305: 'argument' : truncation from 'double' to 'float'
     1>c:\users\scott\desktop\hw07\nyucodebase\game.cpp(304): warning C4244: 'argument' : conversion from 'int' to 'float', possible loss of data
     1>c:\users\scott\desktop\hw07\nyucodebase\game.cpp(310): warning C4305: 'argument' : truncation from 'double' to 'float'
     1>c:\users\scott\desktop\hw07\nyucodebase\game.cpp(310): warning C4244: 'argument' : conversion from 'int' to 'float', possible loss of data
     1>c:\users\scott\desktop\hw07\nyucodebase\game.cpp(311): warning C4305: 'argument' : truncation from 'double' to 'float'
     1>c:\users\scott\desktop\hw07\nyucodebase\game.cpp(311): warning C4244: 'argument' : conversion from 'int' to 'float', possible loss of data
     1>c:\users\scott\desktop\hw07\nyucodebase\game.cpp(323): warning C4305: 'argument' : truncation from 'double' to 'float'
     1>c:\users\scott\desktop\hw07\nyucodebase\game.cpp(324): warning C4305: 'argument' : truncation from 'double' to 'float'
     1>c:\users\scott\desktop\hw07\nyucodebase\game.cpp(335): warning C4244: 'initializing' : conversion from 'double' to 'int', possible loss of data
     1>c:\users\scott\desktop\hw07\nyucodebase\game.cpp(338): warning C4305: 'argument' : truncation from 'double' to 'float'
     1>c:\users\scott\desktop\hw07\nyucodebase\game.cpp(338): warning C4244: 'argument' : conversion from 'int' to 'float', possible loss of data
     1>c:\users\scott\desktop\hw07\nyucodebase\game.cpp(338): warning C4244: 'initializing' : conversion from 'float' to 'int', possible loss of data
     1>c:\users\scott\desktop\hw07\nyucodebase\game.cpp(354): warning C4305: 'argument' : truncation from 'double' to 'float'
     1>c:\users\scott\desktop\hw07\nyucodebase\game.cpp(354): warning C4244: 'argument' : conversion from 'int' to 'float', possible loss of data
     1>c:\users\scott\desktop\hw07\nyucodebase\game.cpp(354): warning C4244: 'initializing' : conversion from 'float' to 'int', possible loss of data
     1>c:\users\scott\desktop\hw07\nyucodebase\game.cpp(374): warning C4305: 'argument' : truncation from 'double' to 'float'
     1>c:\users\scott\desktop\hw07\nyucodebase\game.cpp(374): warning C4244: 'argument' : conversion from 'int' to 'float', possible loss of data
     1>c:\users\scott\desktop\hw07\nyucodebase\game.cpp(374): warning C4244: 'initializing' : conversion from 'float' to 'int', possible loss of data
     1>c:\users\scott\desktop\hw07\nyucodebase\game.cpp(377): warning C4305: 'argument' : truncation from 'double' to 'float'
     1>c:\users\scott\desktop\hw07\nyucodebase\game.cpp(377): warning C4244: 'argument' : conversion from 'int' to 'float', possible loss of data
     1>c:\users\scott\desktop\hw07\nyucodebase\game.cpp(378): warning C4305: 'argument' : truncation from 'double' to 'float'
     1>c:\users\scott\desktop\hw07\nyucodebase\game.cpp(378): warning C4244: 'argument' : conversion from 'int' to 'float', possible loss of data
     1>c:\users\scott\desktop\hw07\nyucodebase\game.cpp(384): warning C4305: 'argument' : truncation from 'double' to 'float'
     1>c:\users\scott\desktop\hw07\nyucodebase\game.cpp(384): warning C4244: 'argument' : conversion from 'int' to 'float', possible loss of data
     1>c:\users\scott\desktop\hw07\nyucodebase\game.cpp(385): warning C4305: 'argument' : truncation from 'double' to 'float'
     1>c:\users\scott\desktop\hw07\nyucodebase\game.cpp(385): warning C4244: 'argument' : conversion from 'int' to 'float', possible loss of data
     1>c:\users\scott\desktop\hw07\nyucodebase\game.cpp(394): warning C4305: 'argument' : truncation from 'double' to 'float'
     1>c:\users\scott\desktop\hw07\nyucodebase\game.cpp(394): warning C4244: 'argument' : conversion from 'int' to 'float', possible loss of data
     1>c:\users\scott\desktop\hw07\nyucodebase\game.cpp(395): warning C4305: 'argument' : truncation from 'double' to 'float'
     1>c:\users\scott\desktop\hw07\nyucodebase\game.cpp(395): warning C4244: 'argument' : conversion from 'int' to 'float', possible loss of data
     1>c:\users\scott\desktop\hw07\nyucodebase\game.cpp(401): warning C4305: 'argument' : truncation from 'double' to 'float'
     1>c:\users\scott\desktop\hw07\nyucodebase\game.cpp(401): warning C4244: 'argument' : conversion from 'int' to 'float', possible loss of data
     1>c:\users\scott\desktop\hw07\nyucodebase\game.cpp(402): warning C4305: 'argument' : truncation from 'double' to 'float'
     1>c:\users\scott\desktop\hw07\nyucodebase\game.cpp(402): warning C4244: 'argument' : conversion from 'int' to 'float', possible loss of data
     1>c:\users\scott\desktop\hw07\nyucodebase\game.cpp(421): warning C4244: 'argument' : conversion from 'int' to 'float', possible loss of data
     1>c:\users\scott\desktop\hw07\nyucodebase\game.cpp(424): warning C4244: 'argument' : conversion from 'int' to 'float', possible loss of data
     1>c:\users\scott\desktop\hw07\nyucodebase\game.cpp(425): warning C4244: 'argument' : conversion from 'int' to 'float', possible loss of data
     1>c:\users\scott\desktop\hw07\nyucodebase\game.cpp(432): warning C4018: '<' : signed/unsigned mismatch
     1>c:\users\scott\desktop\hw07\nyucodebase\game.cpp(439): warning C4018: '<' : signed/unsigned mismatch
     1>c:\users\scott\desktop\hw07\nyucodebase\game.cpp(446): warning C4018: '<' : signed/unsigned mismatch
     1>c:\users\scott\desktop\hw07\nyucodebase\game.cpp(453): warning C4018: '<' : signed/unsigned mismatch
     1>c:\users\scott\desktop\hw07\nyucodebase\game.cpp(469): warning C4018: '<' : signed/unsigned mismatch
     1>c:\users\scott\desktop\hw07\nyucodebase\game.cpp(476): warning C4018: '<' : signed/unsigned mismatch
     1>c:\users\scott\desktop\hw07\nyucodebase\game.cpp(483): warning C4018: '<' : signed/unsigned mismatch
     1>c:\users\scott\desktop\hw07\nyucodebase\game.cpp(490): warning C4018: '<' : signed/unsigned mismatch
     1>c:\users\scott\desktop\hw07\nyucodebase\game.cpp(508): warning C4305: 'argument' : truncation from 'double' to 'float'
     1>c:\users\scott\desktop\hw07\nyucodebase\game.cpp(509): warning C4305: 'argument' : truncation from 'double' to 'float'
     1>c:\users\scott\desktop\hw07\nyucodebase\game.cpp(610): warning C4018: '<' : signed/unsigned mismatch
     1>c:\users\scott\desktop\hw07\nyucodebase\game.cpp(615): warning C4018: '<' : signed/unsigned mismatch
     1>c:\users\scott\desktop\hw07\nyucodebase\game.cpp(645): warning C4305: 'argument' : truncation from 'double' to 'float'
     1>c:\users\scott\desktop\hw07\nyucodebase\game.cpp(647): warning C4018: '<' : signed/unsigned mismatch
     1>c:\users\scott\desktop\hw07\nyucodebase\game.cpp(652): warning C4305: 'argument' : truncation from 'double' to 'float'
     1>c:\users\scott\desktop\hw07\nyucodebase\game.cpp(656): warning C4305: 'argument' : truncation from 'double' to 'float'
     1>c:\users\scott\desktop\hw07\nyucodebase\game.cpp(661): warning C4305: 'argument' : truncation from 'double' to 'float'
     1>c:\users\scott\desktop\hw07\nyucodebase\game.cpp(664): warning C4305: 'argument' : truncation from 'double' to 'float'
     1>c:\users\scott\desktop\hw07\nyucodebase\game.cpp(666): warning C4305: 'argument' : truncation from 'double' to 'float'
     1>c:\users\scott\desktop\hw07\nyucodebase\game.cpp(668): warning C4018: '<' : signed/unsigned mismatch
     1>c:\users\scott\desktop\hw07\nyucodebase\game.cpp(678): warning C4305: 'argument' : truncation from 'double' to 'float'
     1>c:\users\scott\desktop\hw07\nyucodebase\game.cpp(682): warning C4305: 'argument' : truncation from 'double' to 'float'
     1>c:\users\scott\desktop\hw07\nyucodebase\game.cpp(687): warning C4305: 'argument' : truncation from 'double' to 'float'
     1>c:\users\scott\desktop\hw07\nyucodebase\game.cpp(690): warning C4305: 'argument' : truncation from 'double' to 'float'
     1>c:\users\scott\desktop\hw07\nyucodebase\game.cpp(692): warning C4305: 'argument' : truncation from 'double' to 'float'
     1>c:\users\scott\desktop\hw07\nyucodebase\game.cpp(694): warning C4305: 'argument' : truncation from 'double' to 'float'
     1>c:\users\scott\desktop\hw07\nyucodebase\game.cpp(696): warning C4018: '<' : signed/unsigned mismatch
     1>c:\users\scott\desktop\hw07\nyucodebase\game.cpp(722): warning C4305: 'argument' : truncation from 'double' to 'float'
     1>c:\users\scott\desktop\hw07\nyucodebase\game.cpp(772): warning C4018: '<' : signed/unsigned mismatch
     1>c:\users\scott\desktop\hw07\nyucodebase\game.cpp(778): warning C4018: '<' : signed/unsigned mismatch
     1>c:\users\scott\desktop\hw07\nyucodebase\game.cpp(781): warning C4018: '<' : signed/unsigned mismatch
     1>c:\users\scott\desktop\hw07\nyucodebase\game.cpp(785): warning C4018: '<' : signed/unsigned mismatch
     1>c:\users\scott\desktop\hw07\nyucodebase\game.cpp(789): warning C4018: '<' : signed/unsigned mismatch
     1>c:\users\scott\desktop\hw07\nyucodebase\game.cpp(792): warning C4018: '<' : signed/unsigned mismatch
     1>c:\users\scott\desktop\hw07\nyucodebase\game.cpp(803): warning C4018: '<' : signed/unsigned mismatch
     1>c:\users\scott\desktop\hw07\nyucodebase\game.cpp(809): warning C4018: '<' : signed/unsigned mismatch
     1>c:\users\scott\desktop\hw07\nyucodebase\game.cpp(812): warning C4018: '<' : signed/unsigned mismatch
     1>c:\users\scott\desktop\hw07\nyucodebase\game.cpp(815): warning C4018: '<' : signed/unsigned mismatch
     1>c:\users\scott\desktop\hw07\nyucodebase\game.cpp(818): warning C4018: '<' : signed/unsigned mismatch
     1>c:\users\scott\desktop\hw07\nyucodebase\game.cpp(821): warning C4018: '<' : signed/unsigned mismatch
     1>c:\users\scott\desktop\hw07\nyucodebase\game.cpp(830): warning C4018: '<' : signed/unsigned mismatch
     1>c:\users\scott\desktop\hw07\nyucodebase\game.cpp(835): warning C4305: 'argument' : truncation from 'double' to 'float'
     1>c:\users\scott\desktop\hw07\nyucodebase\game.cpp(872): warning C4305: 'argument' : truncation from 'double' to 'float'
     1>c:\users\scott\desktop\hw07\nyucodebase\game.cpp(876): warning C4305: 'argument' : truncation from 'double' to 'float'
     1>c:\users\scott\desktop\hw07\nyucodebase\game.cpp(878): warning C4018: '<' : signed/unsigned mismatch
     1>c:\users\scott\desktop\hw07\nyucodebase\game.cpp(969): warning C4018: '<' : signed/unsigned mismatch
     1>c:\users\scott\desktop\hw07\nyucodebase\game.cpp(974): warning C4305: 'argument' : truncation from 'double' to 'float'
     1>c:\users\scott\desktop\hw07\nyucodebase\game.cpp(975): warning C4305: 'argument' : truncation from 'double' to 'float'
     1>c:\users\scott\desktop\hw07\nyucodebase\game.cpp(976): warning C4305: 'argument' : truncation from 'double' to 'float'
     1>c:\users\scott\desktop\hw07\nyucodebase\game.cpp(977): warning C4305: 'argument' : truncation from 'double' to 'float'
     1>c:\users\scott\desktop\hw07\nyucodebase\game.cpp(978): warning C4305: 'argument' : truncation from 'double' to 'float'
     1>c:\users\scott\desktop\hw07\nyucodebase\game.cpp(979): warning C4305: 'argument' : truncation from 'double' to 'float'
     1>c:\users\scott\desktop\hw07\nyucodebase\game.cpp(980): warning C4305: 'argument' : truncation from 'double' to 'float'
     1>c:\users\scott\desktop\hw07\nyucodebase\game.cpp(981): warning C4305: 'argument' : truncation from 'double' to 'float'
     1>c:\users\scott\desktop\hw07\nyucodebase\game.cpp(982): warning C4305: 'argument' : truncation from 'double' to 'float'
     1>c:\users\scott\desktop\hw07\nyucodebase\game.cpp(983): warning C4305: 'argument' : truncation from 'double' to 'float'
     1>c:\users\scott\desktop\hw07\nyucodebase\game.cpp(984): warning C4305: 'argument' : truncation from 'double' to 'float'
     1>c:\users\scott\desktop\hw07\nyucodebase\game.cpp(985): warning C4305: 'argument' : truncation from 'double' to 'float'
     1>c:\users\scott\desktop\hw07\nyucodebase\game.cpp(986): warning C4305: 'argument' : truncation from 'double' to 'float'
     1>c:\users\scott\desktop\hw07\nyucodebase\game.cpp(987): warning C4305: 'argument' : truncation from 'double' to 'float'
     1>c:\users\scott\desktop\hw07\nyucodebase\game.cpp(988): warning C4305: 'argument' : truncation from 'double' to 'float'
     1>c:\users\scott\desktop\hw07\nyucodebase\game.cpp(989): warning C4305: 'argument' : truncation from 'double' to 'float'
     1>c:\users\scott\desktop\hw07\nyucodebase\game.cpp(1003): warning C4305: 'argument' : truncation from 'double' to 'float'
     1>c:\users\scott\desktop\hw07\nyucodebase\game.cpp(1004): warning C4305: 'argument' : truncation from 'double' to 'float'
     1>c:\users\scott\desktop\hw07\nyucodebase\game.cpp(1005): warning C4305: 'argument' : truncation from 'double' to 'float'
     1>c:\users\scott\desktop\hw07\nyucodebase\game.cpp(1006): warning C4305: 'argument' : truncation from 'double' to 'float'
     1>c:\users\scott\desktop\hw07\nyucodebase\game.cpp(1007): warning C4305: 'argument' : truncation from 'double' to 'float'
     1>c:\users\scott\desktop\hw07\nyucodebase\game.cpp(1008): warning C4305: 'argument' : truncation from 'double' to 'float'
     1>c:\users\scott\desktop\hw07\nyucodebase\game.cpp(1009): warning C4305: 'argument' : truncation from 'double' to 'float'
     1>c:\users\scott\desktop\hw07\nyucodebase\game.cpp(1010): warning C4305: 'argument' : truncation from 'double' to 'float'
     1>c:\users\scott\desktop\hw07\nyucodebase\game.cpp(1025): warning C4018: '<' : signed/unsigned mismatch
     1>c:\users\scott\desktop\hw07\nyucodebase\game.cpp(1038): warning C4305: 'argument' : truncation from 'double' to 'float'
     1>c:\users\scott\desktop\hw07\nyucodebase\game.cpp(1039): warning C4305: 'argument' : truncation from 'double' to 'float'
     1>c:\users\scott\desktop\hw07\nyucodebase\game.cpp(1048): warning C4305: 'argument' : truncation from 'double' to 'float'
     1>c:\users\scott\desktop\hw07\nyucodebase\game.cpp(1049): warning C4305: 'argument' : truncation from 'double' to 'float'
     1>c:\users\scott\desktop\hw07\nyucodebase\game.cpp(1050): warning C4305: 'argument' : truncation from 'double' to 'float'
     1>c:\users\scott\desktop\hw07\nyucodebase\game.cpp(1051): warning C4305: 'argument' : truncation from 'double' to 'float'
     1>c:\users\scott\desktop\hw07\nyucodebase\game.cpp(1052): warning C4305: 'argument' : truncation from 'double' to 'float'
     1>c:\users\scott\desktop\hw07\nyucodebase\game.cpp(1053): warning C4305: 'argument' : truncation from 'double' to 'float'
     1>c:\users\scott\desktop\hw07\nyucodebase\game.cpp(1054): warning C4305: 'argument' : truncation from 'double' to 'float'
     1>c:\users\scott\desktop\hw07\nyucodebase\game.cpp(1055): warning C4305: 'argument' : truncation from 'double' to 'float'
     1>c:\users\scott\desktop\hw07\nyucodebase\game.cpp(1063): warning C4305: 'argument' : truncation from 'double' to 'float'
     1>c:\users\scott\desktop\hw07\nyucodebase\game.cpp(1064): warning C4305: 'argument' : truncation from 'double' to 'float'
     1>c:\users\scott\desktop\hw07\nyucodebase\game.cpp(1071): warning C4018: '<' : signed/unsigned mismatch
     1>c:\users\scott\desktop\hw07\nyucodebase\game.cpp(1074): warning C4305: 'argument' : truncation from 'double' to 'float'
     1>c:\users\scott\desktop\hw07\nyucodebase\game.cpp(1075): warning C4305: 'argument' : truncation from 'double' to 'float'
     1>c:\users\scott\desktop\hw07\nyucodebase\game.cpp(1076): warning C4305: 'argument' : truncation from 'double' to 'float'
     1>c:\users\scott\desktop\hw07\nyucodebase\game.cpp(1088): warning C4018: '<' : signed/unsigned mismatch
     1>c:\users\scott\desktop\hw07\nyucodebase\game.cpp(1091): warning C4305: 'argument' : truncation from 'double' to 'float'
     1>c:\users\scott\desktop\hw07\nyucodebase\game.cpp(1092): warning C4305: 'argument' : truncation from 'double' to 'float'
     1>c:\users\scott\desktop\hw07\nyucodebase\game.cpp(1093): warning C4305: 'argument' : truncation from 'double' to 'float'
     1>c:\users\scott\desktop\hw07\nyucodebase\game.cpp(1105): warning C4305: 'argument' : truncation from 'double' to 'float'
     1>c:\users\scott\desktop\hw07\nyucodebase\game.cpp(1127): warning C4018: '<' : signed/unsigned mismatch
     1>c:\users\scott\desktop\hw07\nyucodebase\game.cpp(1130): warning C4305: 'argument' : truncation from 'double' to 'float'
     1>c:\users\scott\desktop\hw07\nyucodebase\game.cpp(1131): warning C4305: 'argument' : truncation from 'double' to 'float'
     1>c:\users\scott\desktop\hw07\nyucodebase\game.cpp(1132): warning C4305: 'argument' : truncation from 'double' to 'float'
     1>c:\users\scott\desktop\hw07\nyucodebase\game.cpp(1146): warning C4305: 'argument' : truncation from 'double' to 'float'
     1>c:\users\scott\desktop\hw07\nyucodebase\game.cpp(1147): warning C4305: 'argument' : truncation from 'double' to 'float'
     1>c:\users\scott\desktop\hw07\nyucodebase\game.cpp(1148): warning C4305: 'argument' : truncation from 'double' to 'float'
     1>c:\users\scott\desktop\hw07\nyucodebase\game.cpp(1149): warning C4305: 'argument' : truncation from 'double' to 'float'
     1>c:\users\scott\desktop\hw07\nyucodebase\game.cpp(1153): warning C4018: '<' : signed/unsigned mismatch
     1>c:\users\scott\desktop\hw07\nyucodebase\game.cpp(1162): warning C4305: 'argument' : truncation from 'double' to 'float'
     1>c:\users\scott\desktop\hw07\nyucodebase\game.cpp(1248): warning C4018: '<' : signed/unsigned mismatch
     1>c:\users\scott\desktop\hw07\nyucodebase\game.cpp(1253): warning C4305: 'argument' : truncation from 'double' to 'float'
     1>c:\users\scott\desktop\hw07\nyucodebase\game.cpp(1254): warning C4305: 'argument' : truncation from 'double' to 'float'
     1>c:\users\scott\desktop\hw07\nyucodebase\game.cpp(1255): warning C4305: 'argument' : truncation from 'double' to 'float'
     1>c:\users\scott\desktop\hw07\nyucodebase\game.cpp(1265): warning C4305: 'argument' : truncation from 'double' to 'float'
       Link:
         C:\Program Files (x86)\Microsoft Visual Studio 12.0\VC\bin\link.exe /ERRORREPORT:PROMPT /OUT:"C:\Users\Scott\Desktop\hw07\Debug\NYUCodebase.exe" /INCREMENTAL /NOLOGO /LIBPATH:C:\SDL2_mixer\lib\x86 /LIBPATH:C:\SDL2\lib\x86 /LIBPATH:C:\SDL2_image\lib\x86 /LIBPATH:C:\SDL_mixer\lib\x86 /LIBPATH:C:\SDL_mixer\lib\x86 SDL2_mixer.lib SDL2.lib SDL2main.lib SDL2_image.lib OpenGL32.lib SDL2_mixer.lib /MANIFEST /MANIFESTUAC:"level='asInvoker' uiAccess='false'" /manifest:embed /DEBUG /PDB:"C:\Users\Scott\Desktop\hw07\Debug\NYUCodebase.pdb" /SUBSYSTEM:WINDOWS /TLBID:1 /DYNAMICBASE /NXCOMPAT /IMPLIB:"C:\Users\Scott\Desktop\hw07\Debug\NYUCodebase.lib" /MACHINE:X86 Debug\Game.obj
         Debug\Graphic.obj
         Debug\main.obj
         Debug\Object.obj
         Debug\PerlinNoise.obj
         Debug\Physics.obj
         NYUCodebase.vcxproj -> C:\Users\Scott\Desktop\hw07\Debug\NYUCodebase.exe
     1>Done Building Project "C:\Users\Scott\Desktop\hw07\NYUCodebase\NYUCodebase.vcxproj" (Build target(s)).

Build succeeded.

Time Elapsed 00:00:01.53
